[36mINFO[0m[2025-04-30T14:12:56+05:30] [32mFound existing worker container[0m      [36mcontainer_id[0m=d79ae0973fe6 [36mstate[0m=idle
[36mINFO[0m[2025-04-30T14:12:56+05:30] [32mFound existing worker container[0m      [36mcontainer_id[0m=112955517deb [36mstate[0m=idle
[36mINFO[0m[2025-04-30T14:12:56+05:30] [32mFound existing worker container[0m      [36mcontainer_id[0m=08290c0cc683 [36mstate[0m=idle
[36mINFO[0m[2025-04-30T14:12:56+05:30] [32mFound existing worker container[0m      [36mcontainer_id[0m=b00fb46589cd [36mstate[0m=idle
[36mINFO[0m[2025-04-30T14:12:56+05:30] [32mInitialized WorkerPool with 4 workers[0m  [36mmaxWorkers[0m=4
[36mINFO[0m[2025-04-30T14:12:56+05:30] [32mWorker 1 started[0m                     [36mworkerID[0m=1
[36mINFO[0m[2025-04-30T14:12:56+05:30] [32mWorker 3 started[0m                     [36mworkerID[0m=3
[36mINFO[0m[2025-04-30T14:12:56+05:30] [32mWorker 4 started[0m                     [36mworkerID[0m=4
[36mINFO[0m[2025-04-30T14:12:56+05:30] [32mWorker 2 started[0m                     [36mworkerID[0m=2
[36mINFO[0m[2025-04-30T15:00:03+05:30] [32mFound existing worker container[0m      [36mcontainer_id[0m=d79ae0973fe6 [36mstate[0m=idle
[36mINFO[0m[2025-04-30T15:00:03+05:30] [32mFound existing worker container[0m      [36mcontainer_id[0m=112955517deb [36mstate[0m=idle
[36mINFO[0m[2025-04-30T15:00:03+05:30] [32mFound existing worker container[0m      [36mcontainer_id[0m=08290c0cc683 [36mstate[0m=idle
[36mINFO[0m[2025-04-30T15:00:03+05:30] [32mFound existing worker container[0m      [36mcontainer_id[0m=b00fb46589cd [36mstate[0m=idle
[36mINFO[0m[2025-04-30T15:00:03+05:30] [32mInitialized WorkerPool with 4 workers[0m  [36mmaxWorkers[0m=4
[36mINFO[0m[2025-04-30T15:00:03+05:30] [32mWorker 1 started[0m                     [36mworkerID[0m=1
[36mINFO[0m[2025-04-30T15:00:03+05:30] [32mWorker 4 started[0m                     [36mworkerID[0m=4
[36mINFO[0m[2025-04-30T15:00:03+05:30] [32mWorker 3 started[0m                     [36mworkerID[0m=3
[36mINFO[0m[2025-04-30T15:00:03+05:30] [32mWorker 2 started[0m                     [36mworkerID[0m=2
[36mINFO[0m[2025-04-30T15:00:30+05:30] [32mFound existing worker container[0m      [36mcontainer_id[0m=d79ae0973fe6 [36mstate[0m=idle
[36mINFO[0m[2025-04-30T15:00:30+05:30] [32mFound existing worker container[0m      [36mcontainer_id[0m=112955517deb [36mstate[0m=idle
[36mINFO[0m[2025-04-30T15:00:30+05:30] [32mFound existing worker container[0m      [36mcontainer_id[0m=08290c0cc683 [36mstate[0m=idle
[36mINFO[0m[2025-04-30T15:00:30+05:30] [32mFound existing worker container[0m      [36mcontainer_id[0m=b00fb46589cd [36mstate[0m=idle
[36mINFO[0m[2025-04-30T15:00:30+05:30] [32mInitialized WorkerPool with 4 workers[0m  [36mmaxWorkers[0m=4
[36mINFO[0m[2025-04-30T15:00:30+05:30] [32mWorker 1 started[0m                     [36mworkerID[0m=1
[36mINFO[0m[2025-04-30T15:00:30+05:30] [32mWorker 3 started[0m                     [36mworkerID[0m=3
[36mINFO[0m[2025-04-30T15:00:30+05:30] [32mWorker 4 started[0m                     [36mworkerID[0m=4
[36mINFO[0m[2025-04-30T15:00:30+05:30] [32mWorker 2 started[0m                     [36mworkerID[0m=2
[36mINFO[0m[2025-04-30T15:03:52+05:30] [32mOnly 0 worker containers found, creating 4 more...[0m  [36mcurrent[0m=0 [36mneeded[0m=4
[36mINFO[0m[2025-04-30T15:03:53+05:30] [32mStarted new worker container[0m         [36mcontainer_id[0m=2924582a54cc
[36mINFO[0m[2025-04-30T15:03:53+05:30] [32mStarted new worker container[0m         [36mcontainer_id[0m=86bc9682e7cf
[36mINFO[0m[2025-04-30T15:03:53+05:30] [32mStarted new worker container[0m         [36mcontainer_id[0m=75d59b67c405
[36mINFO[0m[2025-04-30T15:03:53+05:30] [32mStarted new worker container[0m         [36mcontainer_id[0m=d803cb15df1d
[36mINFO[0m[2025-04-30T15:03:53+05:30] [32mInitialized WorkerPool with 4 workers[0m  [36mmaxWorkers[0m=4
[36mINFO[0m[2025-04-30T15:03:53+05:30] [32mWorker 1 started[0m                     [36mworkerID[0m=1
[36mINFO[0m[2025-04-30T15:03:53+05:30] [32mWorker 3 started[0m                     [36mworkerID[0m=3
[36mINFO[0m[2025-04-30T15:03:53+05:30] [32mWorker 4 started[0m                     [36mworkerID[0m=4
[36mINFO[0m[2025-04-30T15:03:53+05:30] [32mWorker 2 started[0m                     [36mworkerID[0m=2
[36mINFO[0m[2025-04-30T15:04:21+05:30] [32mFound existing worker container[0m      [36mcontainer_id[0m=d79ae0973fe6 [36mstate[0m=idle
[36mINFO[0m[2025-04-30T15:04:21+05:30] [32mFound existing worker container[0m      [36mcontainer_id[0m=112955517deb [36mstate[0m=idle
[36mINFO[0m[2025-04-30T15:04:21+05:30] [32mFound existing worker container[0m      [36mcontainer_id[0m=08290c0cc683 [36mstate[0m=idle
[36mINFO[0m[2025-04-30T15:04:21+05:30] [32mFound existing worker container[0m      [36mcontainer_id[0m=b00fb46589cd [36mstate[0m=idle
[36mINFO[0m[2025-04-30T15:04:21+05:30] [32mInitialized WorkerPool with 4 workers[0m  [36mmaxWorkers[0m=4
[36mINFO[0m[2025-04-30T15:04:21+05:30] [32mWorker 1 started[0m                     [36mworkerID[0m=1
[36mINFO[0m[2025-04-30T15:04:21+05:30] [32mWorker 4 started[0m                     [36mworkerID[0m=4
[36mINFO[0m[2025-04-30T15:04:21+05:30] [32mWorker 2 started[0m                     [36mworkerID[0m=2
[36mINFO[0m[2025-04-30T15:04:21+05:30] [32mWorker 3 started[0m                     [36mworkerID[0m=3
[36mINFO[0m[2025-04-30T15:07:08+05:30] [32mFound existing worker container[0m      [36mcontainer_id[0m=d79ae0973fe6 [36mstate[0m=idle
[36mINFO[0m[2025-04-30T15:07:08+05:30] [32mFound existing worker container[0m      [36mcontainer_id[0m=112955517deb [36mstate[0m=idle
[36mINFO[0m[2025-04-30T15:07:08+05:30] [32mFound existing worker container[0m      [36mcontainer_id[0m=08290c0cc683 [36mstate[0m=idle
[36mINFO[0m[2025-04-30T15:07:08+05:30] [32mFound existing worker container[0m      [36mcontainer_id[0m=b00fb46589cd [36mstate[0m=idle
[36mINFO[0m[2025-04-30T15:07:08+05:30] [32mInitialized WorkerPool with 4 workers[0m  [36mmaxWorkers[0m=4
[36mINFO[0m[2025-04-30T15:07:08+05:30] [32mWorker 1 started[0m                     [36mworkerID[0m=1
[36mINFO[0m[2025-04-30T15:07:08+05:30] [32mWorker 3 started[0m                     [36mworkerID[0m=3
[36mINFO[0m[2025-04-30T15:07:08+05:30] [32mWorker 4 started[0m                     [36mworkerID[0m=4
[36mINFO[0m[2025-04-30T15:07:08+05:30] [32mWorker 2 started[0m                     [36mworkerID[0m=2
[36mINFO[0m[2025-04-30T15:07:40+05:30] [32mOnly 0 worker containers found, creating 4 more...[0m  [36mcurrent[0m=0 [36mneeded[0m=4
[36mINFO[0m[2025-04-30T15:07:40+05:30] [32mStarted new worker container[0m         [36mcontainer_id[0m=e784899ca61e
[36mINFO[0m[2025-04-30T15:07:40+05:30] [32mStarted new worker container[0m         [36mcontainer_id[0m=48c30426da12
[36mINFO[0m[2025-04-30T15:07:41+05:30] [32mStarted new worker container[0m         [36mcontainer_id[0m=d7b7185f6f6f
[36mINFO[0m[2025-04-30T15:07:41+05:30] [32mStarted new worker container[0m         [36mcontainer_id[0m=16944669ebce
[36mINFO[0m[2025-04-30T15:07:41+05:30] [32mInitialized WorkerPool with 4 workers[0m  [36mmaxWorkers[0m=4
[36mINFO[0m[2025-04-30T15:07:41+05:30] [32mWorker 1 started[0m                     [36mworkerID[0m=1
[36mINFO[0m[2025-04-30T15:07:41+05:30] [32mWorker 3 started[0m                     [36mworkerID[0m=3
[36mINFO[0m[2025-04-30T15:07:41+05:30] [32mWorker 2 started[0m                     [36mworkerID[0m=2
[36mINFO[0m[2025-04-30T15:07:41+05:30] [32mWorker 4 started[0m                     [36mworkerID[0m=4
[36mINFO[0m[2025-04-30T15:07:46+05:30] [32mFound existing worker container[0m      [36mcontainer_id[0m=16944669ebce [36mstate[0m=idle
[36mINFO[0m[2025-04-30T15:07:46+05:30] [32mFound existing worker container[0m      [36mcontainer_id[0m=d7b7185f6f6f [36mstate[0m=idle
[36mINFO[0m[2025-04-30T15:07:46+05:30] [32mFound existing worker container[0m      [36mcontainer_id[0m=48c30426da12 [36mstate[0m=idle
[36mINFO[0m[2025-04-30T15:07:46+05:30] [32mFound existing worker container[0m      [36mcontainer_id[0m=e784899ca61e [36mstate[0m=idle
[36mINFO[0m[2025-04-30T15:07:46+05:30] [32mInitialized WorkerPool with 4 workers[0m  [36mmaxWorkers[0m=4
[36mINFO[0m[2025-04-30T15:07:46+05:30] [32mWorker 1 started[0m                     [36mworkerID[0m=1
[36mINFO[0m[2025-04-30T15:07:46+05:30] [32mWorker 2 started[0m                     [36mworkerID[0m=2
[36mINFO[0m[2025-04-30T15:07:46+05:30] [32mWorker 3 started[0m                     [36mworkerID[0m=3
[36mINFO[0m[2025-04-30T15:07:46+05:30] [32mWorker 4 started[0m                     [36mworkerID[0m=4
[36mINFO[0m[2025-04-30T15:08:03+05:30] [32mSubmitting job for python[0m            [36mlanguage[0m=python
[36mINFO[0m[2025-04-30T15:08:03+05:30] [32mAssigned container to job[0m            [36mcontainer_id[0m=16944669ebce
[36mINFO[0m[2025-04-30T15:08:03+05:30] [32mWorker 1 executing in container 16944669ebce[0m  [36mcontainerID[0m=16944669ebce [36mworkerID[0m=1
[36mINFO[0m[2025-04-30T15:08:03+05:30] [32mUpdated container state[0m              [36mcontainer_id[0m=16944669ebce [36mstate[0m=busy
[31mERRO[0m[2025-04-30T15:08:03+05:30] [31mExecution error in container: exit status 1[0m  [31mcontainerID[0m=16944669ebce [31mduration[0m=156.409983ms [31mlanguage[0m=python
[33mWARN[0m[2025-04-30T15:08:03+05:30] [33mWorker 1 job failed[0m                  [33mcontainerID[0m=16944669ebce [33mduration[0m=156.653182ms [33mlanguage[0m=python
[36mINFO[0m[2025-04-30T15:08:12+05:30] [32mSubmitting job for python[0m            [36mlanguage[0m=python
[36mINFO[0m[2025-04-30T15:08:12+05:30] [32mAssigned container to job[0m            [36mcontainer_id[0m=d7b7185f6f6f
[36mINFO[0m[2025-04-30T15:08:12+05:30] [32mWorker 2 executing in container d7b7185f6f6f[0m  [36mcontainerID[0m=d7b7185f6f6f [36mworkerID[0m=2
[36mINFO[0m[2025-04-30T15:08:12+05:30] [32mUpdated container state[0m              [36mcontainer_id[0m=d7b7185f6f6f [36mstate[0m=busy
[36mINFO[0m[2025-04-30T15:08:12+05:30] [32mUpdated container state[0m              [36mcontainer_id[0m=d7b7185f6f6f [36mstate[0m=idle
[36mINFO[0m[2025-04-30T15:08:12+05:30] [32mWorker 2 job completed in container d7b7185f6f6f (136ms)[0m  [36mcontainerID[0m=d7b7185f6f6f [36mduration[0m=136.224917ms [36mlanguage[0m=python [36mworkerID[0m=2
[36mINFO[0m[2025-04-30T15:08:17+05:30] [32mSubmitting job for python[0m            [36mlanguage[0m=python
[36mINFO[0m[2025-04-30T15:08:17+05:30] [32mAssigned container to job[0m            [36mcontainer_id[0m=16944669ebce
[36mINFO[0m[2025-04-30T15:08:17+05:30] [32mWorker 3 executing in container 16944669ebce[0m  [36mcontainerID[0m=16944669ebce [36mworkerID[0m=3
[36mINFO[0m[2025-04-30T15:08:17+05:30] [32mUpdated container state[0m              [36mcontainer_id[0m=16944669ebce [36mstate[0m=busy
[36mINFO[0m[2025-04-30T15:08:17+05:30] [32mUpdated container state[0m              [36mcontainer_id[0m=16944669ebce [36mstate[0m=idle
[36mINFO[0m[2025-04-30T15:08:17+05:30] [32mWorker 3 job completed in container 16944669ebce (96ms)[0m  [36mcontainerID[0m=16944669ebce [36mduration[0m=96.813476ms [36mlanguage[0m=python [36mworkerID[0m=3
[36mINFO[0m[2025-04-30T15:08:27+05:30] [32mSubmitting job for python[0m            [36mlanguage[0m=python
[36mINFO[0m[2025-04-30T15:08:27+05:30] [32mAssigned container to job[0m            [36mcontainer_id[0m=d7b7185f6f6f
[36mINFO[0m[2025-04-30T15:08:27+05:30] [32mWorker 4 executing in container d7b7185f6f6f[0m  [36mcontainerID[0m=d7b7185f6f6f [36mworkerID[0m=4
[36mINFO[0m[2025-04-30T15:08:27+05:30] [32mUpdated container state[0m              [36mcontainer_id[0m=d7b7185f6f6f [36mstate[0m=busy
[31mERRO[0m[2025-04-30T15:08:27+05:30] [31mExecution error in container: exit status 1[0m  [31mcontainerID[0m=d7b7185f6f6f [31mduration[0m=94.647559ms [31mlanguage[0m=python
[33mWARN[0m[2025-04-30T15:08:27+05:30] [33mWorker 4 job failed[0m                  [33mcontainerID[0m=d7b7185f6f6f [33mduration[0m=94.826305ms [33mlanguage[0m=python
[36mINFO[0m[2025-04-30T15:08:31+05:30] [32mSubmitting job for python[0m            [36mlanguage[0m=python
[36mINFO[0m[2025-04-30T15:08:31+05:30] [32mAssigned container to job[0m            [36mcontainer_id[0m=16944669ebce
[36mINFO[0m[2025-04-30T15:08:31+05:30] [32mWorker 1 executing in container 16944669ebce[0m  [36mcontainerID[0m=16944669ebce [36mworkerID[0m=1
[36mINFO[0m[2025-04-30T15:08:31+05:30] [32mUpdated container state[0m              [36mcontainer_id[0m=16944669ebce [36mstate[0m=busy
[36mINFO[0m[2025-04-30T15:08:31+05:30] [32mUpdated container state[0m              [36mcontainer_id[0m=16944669ebce [36mstate[0m=idle
[36mINFO[0m[2025-04-30T15:08:31+05:30] [32mWorker 1 job completed in container 16944669ebce (104ms)[0m  [36mcontainerID[0m=16944669ebce [36mduration[0m=104.850174ms [36mlanguage[0m=python [36mworkerID[0m=1
[36mINFO[0m[2025-04-30T15:08:42+05:30] [32mSubmitting job for python[0m            [36mlanguage[0m=python
[36mINFO[0m[2025-04-30T15:08:42+05:30] [32mAssigned container to job[0m            [36mcontainer_id[0m=e784899ca61e
[36mINFO[0m[2025-04-30T15:08:42+05:30] [32mWorker 2 executing in container e784899ca61e[0m  [36mcontainerID[0m=e784899ca61e [36mworkerID[0m=2
[36mINFO[0m[2025-04-30T15:08:42+05:30] [32mUpdated container state[0m              [36mcontainer_id[0m=e784899ca61e [36mstate[0m=busy
[36mINFO[0m[2025-04-30T15:08:43+05:30] [32mUpdated container state[0m              [36mcontainer_id[0m=e784899ca61e [36mstate[0m=idle
[36mINFO[0m[2025-04-30T15:08:43+05:30] [32mWorker 2 job completed in container e784899ca61e (159ms)[0m  [36mcontainerID[0m=e784899ca61e [36mduration[0m=159.384507ms [36mlanguage[0m=python [36mworkerID[0m=2
[36mINFO[0m[2025-04-30T15:08:53+05:30] [32mSubmitting job for js[0m                [36mlanguage[0m=js
[36mINFO[0m[2025-04-30T15:08:53+05:30] [32mAssigned container to job[0m            [36mcontainer_id[0m=16944669ebce
[36mINFO[0m[2025-04-30T15:08:53+05:30] [32mWorker 3 executing in container 16944669ebce[0m  [36mcontainerID[0m=16944669ebce [36mworkerID[0m=3
[36mINFO[0m[2025-04-30T15:08:53+05:30] [32mUpdated container state[0m              [36mcontainer_id[0m=16944669ebce [36mstate[0m=busy
[36mINFO[0m[2025-04-30T15:08:53+05:30] [32mUpdated container state[0m              [36mcontainer_id[0m=16944669ebce [36mstate[0m=idle
[36mINFO[0m[2025-04-30T15:08:53+05:30] [32mWorker 3 job completed in container 16944669ebce (271ms)[0m  [36mcontainerID[0m=16944669ebce [36mduration[0m=271.733293ms [36mlanguage[0m=js [36mworkerID[0m=3
[36mINFO[0m[2025-04-30T15:09:00+05:30] [32mSubmitting job for js[0m                [36mlanguage[0m=js
[36mINFO[0m[2025-04-30T15:09:00+05:30] [32mAssigned container to job[0m            [36mcontainer_id[0m=16944669ebce
[36mINFO[0m[2025-04-30T15:09:00+05:30] [32mWorker 4 executing in container 16944669ebce[0m  [36mcontainerID[0m=16944669ebce [36mworkerID[0m=4
[36mINFO[0m[2025-04-30T15:09:00+05:30] [32mUpdated container state[0m              [36mcontainer_id[0m=16944669ebce [36mstate[0m=busy
[36mINFO[0m[2025-04-30T15:09:01+05:30] [32mUpdated container state[0m              [36mcontainer_id[0m=16944669ebce [36mstate[0m=idle
[36mINFO[0m[2025-04-30T15:09:01+05:30] [32mWorker 4 job completed in container 16944669ebce (135ms)[0m  [36mcontainerID[0m=16944669ebce [36mduration[0m=135.490672ms [36mlanguage[0m=js [36mworkerID[0m=4
[36mINFO[0m[2025-04-30T15:09:08+05:30] [32mSubmitting job for go[0m                [36mlanguage[0m=go
[36mINFO[0m[2025-04-30T15:09:08+05:30] [32mAssigned container to job[0m            [36mcontainer_id[0m=48c30426da12
[36mINFO[0m[2025-04-30T15:09:08+05:30] [32mWorker 1 executing in container 48c30426da12[0m  [36mcontainerID[0m=48c30426da12 [36mworkerID[0m=1
[36mINFO[0m[2025-04-30T15:09:08+05:30] [32mUpdated container state[0m              [36mcontainer_id[0m=48c30426da12 [36mstate[0m=busy
[36mINFO[0m[2025-04-30T15:09:10+05:30] [32mUpdated container state[0m              [36mcontainer_id[0m=48c30426da12 [36mstate[0m=idle
[36mINFO[0m[2025-04-30T15:09:10+05:30] [32mWorker 1 job completed in container 48c30426da12 (1592ms)[0m  [36mcontainerID[0m=48c30426da12 [36mduration[0m=1.592589326s [36mlanguage[0m=go [36mworkerID[0m=1
[36mINFO[0m[2025-04-30T15:09:14+05:30] [32mSubmitting job for js[0m                [36mlanguage[0m=js
[36mINFO[0m[2025-04-30T15:09:14+05:30] [32mAssigned container to job[0m            [36mcontainer_id[0m=16944669ebce
[36mINFO[0m[2025-04-30T15:09:14+05:30] [32mWorker 2 executing in container 16944669ebce[0m  [36mcontainerID[0m=16944669ebce [36mworkerID[0m=2
[36mINFO[0m[2025-04-30T15:09:14+05:30] [32mUpdated container state[0m              [36mcontainer_id[0m=16944669ebce [36mstate[0m=busy
[36mINFO[0m[2025-04-30T15:09:14+05:30] [32mUpdated container state[0m              [36mcontainer_id[0m=16944669ebce [36mstate[0m=idle
[36mINFO[0m[2025-04-30T15:09:14+05:30] [32mWorker 2 job completed in container 16944669ebce (121ms)[0m  [36mcontainerID[0m=16944669ebce [36mduration[0m=121.980997ms [36mlanguage[0m=js [36mworkerID[0m=2
[36mINFO[0m[2025-04-30T15:09:17+05:30] [32mSubmitting job for js[0m                [36mlanguage[0m=js
[36mINFO[0m[2025-04-30T15:09:17+05:30] [32mAssigned container to job[0m            [36mcontainer_id[0m=d7b7185f6f6f
[36mINFO[0m[2025-04-30T15:09:17+05:30] [32mWorker 3 executing in container d7b7185f6f6f[0m  [36mcontainerID[0m=d7b7185f6f6f [36mworkerID[0m=3
[36mINFO[0m[2025-04-30T15:09:17+05:30] [32mUpdated container state[0m              [36mcontainer_id[0m=d7b7185f6f6f [36mstate[0m=busy
[36mINFO[0m[2025-04-30T15:09:17+05:30] [32mUpdated container state[0m              [36mcontainer_id[0m=d7b7185f6f6f [36mstate[0m=idle
[36mINFO[0m[2025-04-30T15:09:17+05:30] [32mWorker 3 job completed in container d7b7185f6f6f (126ms)[0m  [36mcontainerID[0m=d7b7185f6f6f [36mduration[0m=126.002797ms [36mlanguage[0m=js [36mworkerID[0m=3
[36mINFO[0m[2025-04-30T15:09:19+05:30] [32mSubmitting job for js[0m                [36mlanguage[0m=js
[36mINFO[0m[2025-04-30T15:09:19+05:30] [32mAssigned container to job[0m            [36mcontainer_id[0m=d7b7185f6f6f
[36mINFO[0m[2025-04-30T15:09:19+05:30] [32mWorker 4 executing in container d7b7185f6f6f[0m  [36mcontainerID[0m=d7b7185f6f6f [36mworkerID[0m=4
[36mINFO[0m[2025-04-30T15:09:19+05:30] [32mUpdated container state[0m              [36mcontainer_id[0m=d7b7185f6f6f [36mstate[0m=busy
[36mINFO[0m[2025-04-30T15:09:19+05:30] [32mUpdated container state[0m              [36mcontainer_id[0m=d7b7185f6f6f [36mstate[0m=idle
[36mINFO[0m[2025-04-30T15:09:19+05:30] [32mWorker 4 job completed in container d7b7185f6f6f (112ms)[0m  [36mcontainerID[0m=d7b7185f6f6f [36mduration[0m=112.977713ms [36mlanguage[0m=js [36mworkerID[0m=4
[36mINFO[0m[2025-04-30T15:09:22+05:30] [32mSubmitting job for python[0m            [36mlanguage[0m=python
[36mINFO[0m[2025-04-30T15:09:22+05:30] [32mAssigned container to job[0m            [36mcontainer_id[0m=16944669ebce
[36mINFO[0m[2025-04-30T15:09:22+05:30] [32mWorker 1 executing in container 16944669ebce[0m  [36mcontainerID[0m=16944669ebce [36mworkerID[0m=1
[36mINFO[0m[2025-04-30T15:09:22+05:30] [32mUpdated container state[0m              [36mcontainer_id[0m=16944669ebce [36mstate[0m=busy
[36mINFO[0m[2025-04-30T15:09:22+05:30] [32mUpdated container state[0m              [36mcontainer_id[0m=16944669ebce [36mstate[0m=idle
[36mINFO[0m[2025-04-30T15:09:22+05:30] [32mWorker 1 job completed in container 16944669ebce (122ms)[0m  [36mcontainerID[0m=16944669ebce [36mduration[0m=122.802177ms [36mlanguage[0m=python [36mworkerID[0m=1
[36mINFO[0m[2025-04-30T15:09:34+05:30] [32mSubmitting job for python[0m            [36mlanguage[0m=python
[36mINFO[0m[2025-04-30T15:09:34+05:30] [32mAssigned container to job[0m            [36mcontainer_id[0m=48c30426da12
[36mINFO[0m[2025-04-30T15:09:34+05:30] [32mWorker 2 executing in container 48c30426da12[0m  [36mcontainerID[0m=48c30426da12 [36mworkerID[0m=2
[36mINFO[0m[2025-04-30T15:09:34+05:30] [32mUpdated container state[0m              [36mcontainer_id[0m=48c30426da12 [36mstate[0m=busy
[31mERRO[0m[2025-04-30T15:09:34+05:30] [31mExecution error in container: exit status 1[0m  [31mcontainerID[0m=48c30426da12 [31mduration[0m=89.489189ms [31mlanguage[0m=python
[33mWARN[0m[2025-04-30T15:09:34+05:30] [33mWorker 2 job failed[0m                  [33mcontainerID[0m=48c30426da12 [33mduration[0m=89.699886ms [33mlanguage[0m=python
[36mINFO[0m[2025-04-30T15:09:37+05:30] [32mSubmitting job for python[0m            [36mlanguage[0m=python
[36mINFO[0m[2025-04-30T15:09:37+05:30] [32mAssigned container to job[0m            [36mcontainer_id[0m=16944669ebce
[36mINFO[0m[2025-04-30T15:09:37+05:30] [32mWorker 3 executing in container 16944669ebce[0m  [36mcontainerID[0m=16944669ebce [36mworkerID[0m=3
[36mINFO[0m[2025-04-30T15:09:37+05:30] [32mUpdated container state[0m              [36mcontainer_id[0m=16944669ebce [36mstate[0m=busy
[31mERRO[0m[2025-04-30T15:09:37+05:30] [31mExecution error in container: exit status 1[0m  [31mcontainerID[0m=16944669ebce [31mduration[0m=78.143303ms [31mlanguage[0m=python
[33mWARN[0m[2025-04-30T15:09:37+05:30] [33mWorker 3 job failed[0m                  [33mcontainerID[0m=16944669ebce [33mduration[0m=78.325097ms [33mlanguage[0m=python
[36mINFO[0m[2025-04-30T15:09:58+05:30] [32mSubmitting job for js[0m                [36mlanguage[0m=js
[36mINFO[0m[2025-04-30T15:09:58+05:30] [32mAssigned container to job[0m            [36mcontainer_id[0m=16944669ebce
[36mINFO[0m[2025-04-30T15:09:58+05:30] [32mWorker 4 executing in container 16944669ebce[0m  [36mcontainerID[0m=16944669ebce [36mworkerID[0m=4
[36mINFO[0m[2025-04-30T15:09:58+05:30] [32mUpdated container state[0m              [36mcontainer_id[0m=16944669ebce [36mstate[0m=busy
[36mINFO[0m[2025-04-30T15:09:58+05:30] [32mUpdated container state[0m              [36mcontainer_id[0m=16944669ebce [36mstate[0m=idle
[36mINFO[0m[2025-04-30T15:09:58+05:30] [32mWorker 4 job completed in container 16944669ebce (127ms)[0m  [36mcontainerID[0m=16944669ebce [36mduration[0m=127.875662ms [36mlanguage[0m=js [36mworkerID[0m=4
[36mINFO[0m[2025-04-30T15:10:04+05:30] [32mSubmitting job for python[0m            [36mlanguage[0m=python
[36mINFO[0m[2025-04-30T15:10:04+05:30] [32mAssigned container to job[0m            [36mcontainer_id[0m=16944669ebce
[36mINFO[0m[2025-04-30T15:10:04+05:30] [32mWorker 1 executing in container 16944669ebce[0m  [36mcontainerID[0m=16944669ebce [36mworkerID[0m=1
[36mINFO[0m[2025-04-30T15:10:04+05:30] [32mUpdated container state[0m              [36mcontainer_id[0m=16944669ebce [36mstate[0m=busy
[36mINFO[0m[2025-04-30T15:10:04+05:30] [32mUpdated container state[0m              [36mcontainer_id[0m=16944669ebce [36mstate[0m=idle
[36mINFO[0m[2025-04-30T15:10:04+05:30] [32mWorker 1 job completed in container 16944669ebce (113ms)[0m  [36mcontainerID[0m=16944669ebce [36mduration[0m=113.139678ms [36mlanguage[0m=python [36mworkerID[0m=1
[36mINFO[0m[2025-04-30T15:10:16+05:30] [32mSubmitting job for python[0m            [36mlanguage[0m=python
[36mINFO[0m[2025-04-30T15:10:16+05:30] [32mAssigned container to job[0m            [36mcontainer_id[0m=e784899ca61e
[36mINFO[0m[2025-04-30T15:10:16+05:30] [32mWorker 2 executing in container e784899ca61e[0m  [36mcontainerID[0m=e784899ca61e [36mworkerID[0m=2
[36mINFO[0m[2025-04-30T15:10:16+05:30] [32mUpdated container state[0m              [36mcontainer_id[0m=e784899ca61e [36mstate[0m=busy
[31mERRO[0m[2025-04-30T15:10:16+05:30] [31mExecution error in container: exit status 1[0m  [31mcontainerID[0m=e784899ca61e [31mduration[0m=120.125374ms [31mlanguage[0m=python
[33mWARN[0m[2025-04-30T15:10:16+05:30] [33mWorker 2 job failed[0m                  [33mcontainerID[0m=e784899ca61e [33mduration[0m=120.326463ms [33mlanguage[0m=python
[36mINFO[0m[2025-04-30T15:10:18+05:30] [32mSubmitting job for python[0m            [36mlanguage[0m=python
[36mINFO[0m[2025-04-30T15:10:18+05:30] [32mAssigned container to job[0m            [36mcontainer_id[0m=16944669ebce
[36mINFO[0m[2025-04-30T15:10:18+05:30] [32mWorker 3 executing in container 16944669ebce[0m  [36mcontainerID[0m=16944669ebce [36mworkerID[0m=3
[36mINFO[0m[2025-04-30T15:10:18+05:30] [32mUpdated container state[0m              [36mcontainer_id[0m=16944669ebce [36mstate[0m=busy
[31mERRO[0m[2025-04-30T15:10:18+05:30] [31mExecution error in container: exit status 1[0m  [31mcontainerID[0m=16944669ebce [31mduration[0m=94.926702ms [31mlanguage[0m=python
[33mWARN[0m[2025-04-30T15:10:18+05:30] [33mWorker 3 job failed[0m                  [33mcontainerID[0m=16944669ebce [33mduration[0m=95.142029ms [33mlanguage[0m=python
[36mINFO[0m[2025-04-30T15:10:27+05:30] [32mSubmitting job for python[0m            [36mlanguage[0m=python
[36mINFO[0m[2025-04-30T15:10:27+05:30] [32mAssigned container to job[0m            [36mcontainer_id[0m=e784899ca61e
[36mINFO[0m[2025-04-30T15:10:27+05:30] [32mWorker 4 executing in container e784899ca61e[0m  [36mcontainerID[0m=e784899ca61e [36mworkerID[0m=4
[36mINFO[0m[2025-04-30T15:10:27+05:30] [32mUpdated container state[0m              [36mcontainer_id[0m=e784899ca61e [36mstate[0m=busy
[36mINFO[0m[2025-04-30T15:10:27+05:30] [32mUpdated container state[0m              [36mcontainer_id[0m=e784899ca61e [36mstate[0m=idle
[36mINFO[0m[2025-04-30T15:10:27+05:30] [32mWorker 4 job completed in container e784899ca61e (146ms)[0m  [36mcontainerID[0m=e784899ca61e [36mduration[0m=146.014449ms [36mlanguage[0m=python [36mworkerID[0m=4
[36mINFO[0m[2025-04-30T15:10:31+05:30] [32mSubmitting job for python[0m            [36mlanguage[0m=python
[36mINFO[0m[2025-04-30T15:10:31+05:30] [32mAssigned container to job[0m            [36mcontainer_id[0m=e784899ca61e
[36mINFO[0m[2025-04-30T15:10:31+05:30] [32mWorker 1 executing in container e784899ca61e[0m  [36mcontainerID[0m=e784899ca61e [36mworkerID[0m=1
[36mINFO[0m[2025-04-30T15:10:31+05:30] [32mUpdated container state[0m              [36mcontainer_id[0m=e784899ca61e [36mstate[0m=busy
[36mINFO[0m[2025-04-30T15:10:31+05:30] [32mUpdated container state[0m              [36mcontainer_id[0m=e784899ca61e [36mstate[0m=idle
[36mINFO[0m[2025-04-30T15:10:31+05:30] [32mWorker 1 job completed in container e784899ca61e (89ms)[0m  [36mcontainerID[0m=e784899ca61e [36mduration[0m=89.094544ms [36mlanguage[0m=python [36mworkerID[0m=1
[36mINFO[0m[2025-04-30T15:10:58+05:30] [32mSubmitting job for python[0m            [36mlanguage[0m=python
[36mINFO[0m[2025-04-30T15:10:58+05:30] [32mAssigned container to job[0m            [36mcontainer_id[0m=16944669ebce
[36mINFO[0m[2025-04-30T15:10:58+05:30] [32mWorker 2 executing in container 16944669ebce[0m  [36mcontainerID[0m=16944669ebce [36mworkerID[0m=2
[36mINFO[0m[2025-04-30T15:10:58+05:30] [32mUpdated container state[0m              [36mcontainer_id[0m=16944669ebce [36mstate[0m=busy
[31mERRO[0m[2025-04-30T15:10:58+05:30] [31mExecution error in container: exit status 1[0m  [31mcontainerID[0m=16944669ebce [31mduration[0m=160.949188ms [31mlanguage[0m=python
[33mWARN[0m[2025-04-30T15:10:58+05:30] [33mWorker 2 job failed[0m                  [33mcontainerID[0m=16944669ebce [33mduration[0m=161.120381ms [33mlanguage[0m=python
[36mINFO[0m[2025-04-30T15:11:13+05:30] [32mSubmitting job for python[0m            [36mlanguage[0m=python
[36mINFO[0m[2025-04-30T15:11:13+05:30] [32mAssigned container to job[0m            [36mcontainer_id[0m=16944669ebce
[36mINFO[0m[2025-04-30T15:11:13+05:30] [32mWorker 3 executing in container 16944669ebce[0m  [36mcontainerID[0m=16944669ebce [36mworkerID[0m=3
[36mINFO[0m[2025-04-30T15:11:13+05:30] [32mUpdated container state[0m              [36mcontainer_id[0m=16944669ebce [36mstate[0m=busy
[31mERRO[0m[2025-04-30T15:11:13+05:30] [31mExecution error in container: exit status 1[0m  [31mcontainerID[0m=16944669ebce [31mduration[0m=129.334466ms [31mlanguage[0m=python
[33mWARN[0m[2025-04-30T15:11:13+05:30] [33mWorker 3 job failed[0m                  [33mcontainerID[0m=16944669ebce [33mduration[0m=129.477165ms [33mlanguage[0m=python
[36mINFO[0m[2025-04-30T15:11:15+05:30] [32mSubmitting job for python[0m            [36mlanguage[0m=python
[36mINFO[0m[2025-04-30T15:11:15+05:30] [32mAssigned container to job[0m            [36mcontainer_id[0m=16944669ebce
[36mINFO[0m[2025-04-30T15:11:15+05:30] [32mWorker 4 executing in container 16944669ebce[0m  [36mcontainerID[0m=16944669ebce [36mworkerID[0m=4
[36mINFO[0m[2025-04-30T15:11:15+05:30] [32mUpdated container state[0m              [36mcontainer_id[0m=16944669ebce [36mstate[0m=busy
[31mERRO[0m[2025-04-30T15:11:15+05:30] [31mExecution error in container: exit status 1[0m  [31mcontainerID[0m=16944669ebce [31mduration[0m=105.571032ms [31mlanguage[0m=python
[33mWARN[0m[2025-04-30T15:11:15+05:30] [33mWorker 4 job failed[0m                  [33mcontainerID[0m=16944669ebce [33mduration[0m=105.723812ms [33mlanguage[0m=python
[36mINFO[0m[2025-04-30T15:11:28+05:30] [32mSubmitting job for js[0m                [36mlanguage[0m=js
[36mINFO[0m[2025-04-30T15:11:28+05:30] [32mAssigned container to job[0m            [36mcontainer_id[0m=16944669ebce
[36mINFO[0m[2025-04-30T15:11:28+05:30] [32mWorker 1 executing in container 16944669ebce[0m  [36mcontainerID[0m=16944669ebce [36mworkerID[0m=1
[36mINFO[0m[2025-04-30T15:11:28+05:30] [32mUpdated container state[0m              [36mcontainer_id[0m=16944669ebce [36mstate[0m=busy
[36mINFO[0m[2025-04-30T15:11:29+05:30] [32mUpdated container state[0m              [36mcontainer_id[0m=16944669ebce [36mstate[0m=idle
[36mINFO[0m[2025-04-30T15:11:29+05:30] [32mWorker 1 job completed in container 16944669ebce (260ms)[0m  [36mcontainerID[0m=16944669ebce [36mduration[0m=260.248133ms [36mlanguage[0m=js [36mworkerID[0m=1
[36mINFO[0m[2025-04-30T15:11:35+05:30] [32mSubmitting job for js[0m                [36mlanguage[0m=js
[36mINFO[0m[2025-04-30T15:11:35+05:30] [32mAssigned container to job[0m            [36mcontainer_id[0m=16944669ebce
[36mINFO[0m[2025-04-30T15:11:35+05:30] [32mWorker 2 executing in container 16944669ebce[0m  [36mcontainerID[0m=16944669ebce [36mworkerID[0m=2
[36mINFO[0m[2025-04-30T15:11:35+05:30] [32mUpdated container state[0m              [36mcontainer_id[0m=16944669ebce [36mstate[0m=busy
[31mERRO[0m[2025-04-30T15:11:35+05:30] [31mExecution error in container: exit status 1[0m  [31mcontainerID[0m=16944669ebce [31mduration[0m=166.09996ms [31mlanguage[0m=js
[33mWARN[0m[2025-04-30T15:11:35+05:30] [33mWorker 2 job failed[0m                  [33mcontainerID[0m=16944669ebce [33mduration[0m=166.287304ms [33mlanguage[0m=js
[36mINFO[0m[2025-04-30T15:12:15+05:30] [32mSubmitting job for python[0m            [36mlanguage[0m=python
[36mINFO[0m[2025-04-30T15:12:15+05:30] [32mAssigned container to job[0m            [36mcontainer_id[0m=d7b7185f6f6f
[36mINFO[0m[2025-04-30T15:12:15+05:30] [32mWorker 3 executing in container d7b7185f6f6f[0m  [36mcontainerID[0m=d7b7185f6f6f [36mworkerID[0m=3
[36mINFO[0m[2025-04-30T15:12:15+05:30] [32mUpdated container state[0m              [36mcontainer_id[0m=d7b7185f6f6f [36mstate[0m=busy
[31mERRO[0m[2025-04-30T15:12:15+05:30] [31mExecution error in container: exit status 1[0m  [31mcontainerID[0m=d7b7185f6f6f [31mduration[0m=133.959635ms [31mlanguage[0m=python
[33mWARN[0m[2025-04-30T15:12:15+05:30] [33mWorker 3 job failed[0m                  [33mcontainerID[0m=d7b7185f6f6f [33mduration[0m=134.168019ms [33mlanguage[0m=python
[36mINFO[0m[2025-04-30T15:12:17+05:30] [32mSubmitting job for python[0m            [36mlanguage[0m=python
[36mINFO[0m[2025-04-30T15:12:17+05:30] [32mAssigned container to job[0m            [36mcontainer_id[0m=e784899ca61e
[36mINFO[0m[2025-04-30T15:12:17+05:30] [32mWorker 4 executing in container e784899ca61e[0m  [36mcontainerID[0m=e784899ca61e [36mworkerID[0m=4
[36mINFO[0m[2025-04-30T15:12:17+05:30] [32mUpdated container state[0m              [36mcontainer_id[0m=e784899ca61e [36mstate[0m=busy
[31mERRO[0m[2025-04-30T15:12:17+05:30] [31mExecution error in container: exit status 1[0m  [31mcontainerID[0m=e784899ca61e [31mduration[0m=92.519068ms [31mlanguage[0m=python
[33mWARN[0m[2025-04-30T15:12:17+05:30] [33mWorker 4 job failed[0m                  [33mcontainerID[0m=e784899ca61e [33mduration[0m=92.701622ms [33mlanguage[0m=python
[36mINFO[0m[2025-04-30T15:12:49+05:30] [32mSubmitting job for python[0m            [36mlanguage[0m=python
[36mINFO[0m[2025-04-30T15:12:49+05:30] [32mAssigned container to job[0m            [36mcontainer_id[0m=16944669ebce
[36mINFO[0m[2025-04-30T15:12:49+05:30] [32mWorker 1 executing in container 16944669ebce[0m  [36mcontainerID[0m=16944669ebce [36mworkerID[0m=1
[36mINFO[0m[2025-04-30T15:12:49+05:30] [32mUpdated container state[0m              [36mcontainer_id[0m=16944669ebce [36mstate[0m=busy
[36mINFO[0m[2025-04-30T15:12:49+05:30] [32mUpdated container state[0m              [36mcontainer_id[0m=16944669ebce [36mstate[0m=idle
[36mINFO[0m[2025-04-30T15:12:49+05:30] [32mWorker 1 job completed in container 16944669ebce (370ms)[0m  [36mcontainerID[0m=16944669ebce [36mduration[0m=370.7703ms [36mlanguage[0m=python [36mworkerID[0m=1
[36mINFO[0m[2025-04-30T15:12:51+05:30] [32mSubmitting job for python[0m            [36mlanguage[0m=python
[36mINFO[0m[2025-04-30T15:12:51+05:30] [32mAssigned container to job[0m            [36mcontainer_id[0m=d7b7185f6f6f
[36mINFO[0m[2025-04-30T15:12:51+05:30] [32mWorker 2 executing in container d7b7185f6f6f[0m  [36mcontainerID[0m=d7b7185f6f6f [36mworkerID[0m=2
[36mINFO[0m[2025-04-30T15:12:51+05:30] [32mUpdated container state[0m              [36mcontainer_id[0m=d7b7185f6f6f [36mstate[0m=busy
[36mINFO[0m[2025-04-30T15:12:51+05:30] [32mUpdated container state[0m              [36mcontainer_id[0m=d7b7185f6f6f [36mstate[0m=idle
[36mINFO[0m[2025-04-30T15:12:51+05:30] [32mWorker 2 job completed in container d7b7185f6f6f (144ms)[0m  [36mcontainerID[0m=d7b7185f6f6f [36mduration[0m=144.652869ms [36mlanguage[0m=python [36mworkerID[0m=2
[36mINFO[0m[2025-04-30T15:29:54+05:30] [32mFound existing worker container[0m      [36mcontainer_id[0m=16944669ebce [36mstate[0m=idle
[36mINFO[0m[2025-04-30T15:29:54+05:30] [32mFound existing worker container[0m      [36mcontainer_id[0m=d7b7185f6f6f [36mstate[0m=idle
[36mINFO[0m[2025-04-30T15:29:54+05:30] [32mFound existing worker container[0m      [36mcontainer_id[0m=48c30426da12 [36mstate[0m=idle
[36mINFO[0m[2025-04-30T15:29:54+05:30] [32mFound existing worker container[0m      [36mcontainer_id[0m=e784899ca61e [36mstate[0m=idle
[36mINFO[0m[2025-04-30T15:29:54+05:30] [32mInitialized WorkerPool with 4 workers[0m  [36mmaxWorkers[0m=4
[36mINFO[0m[2025-04-30T15:29:54+05:30] [32mWorker 2 started[0m                     [36mworkerID[0m=2
[36mINFO[0m[2025-04-30T15:29:54+05:30] [32mWorker 1 started[0m                     [36mworkerID[0m=1
[36mINFO[0m[2025-04-30T15:29:54+05:30] [32mWorker 4 started[0m                     [36mworkerID[0m=4
[36mINFO[0m[2025-04-30T15:29:54+05:30] [32mWorker 3 started[0m                     [36mworkerID[0m=3
[36mINFO[0m[2025-05-01T09:43:31+05:30] [32mFound existing worker container[0m      [36mcontainer_id[0m=d4addd8afb5d [36mstate[0m=idle
[36mINFO[0m[2025-05-01T09:43:31+05:30] [32mFound existing worker container[0m      [36mcontainer_id[0m=0b959833ed11 [36mstate[0m=idle
[36mINFO[0m[2025-05-01T09:43:31+05:30] [32mInitialized WorkerPool with 2 workers[0m  [36mmaxWorkers[0m=2
[36mINFO[0m[2025-05-01T09:43:31+05:30] [32mWorker 2 started[0m                     [36mworkerID[0m=2
[36mINFO[0m[2025-05-01T09:43:31+05:30] [32mWorker 1 started[0m                     [36mworkerID[0m=1
